{"/Users/diego.cifuentes/Documents/points-challenge/app/root.tsx": {"path":"/Users/diego.cifuentes/Documents/points-challenge/app/root.tsx","statementMap":{"0":{"start":{"line":2,"column":0},"end":{"line":2,"column":null}},"1":{"start":{"line":11,"column":0},"end":{"line":11,"column":58}},"2":{"start":{"line":13,"column":36},"end":{"line":15,"column":2}},"3":{"start":{"line":13,"column":42},"end":{"line":15,"column":2}},"4":{"start":{"line":13,"column":13},"end":{"line":13,"column":36}},"5":{"start":{"line":18,"column":2},"end":{"line":33,"column":4}},"6":{"start":{"line":17,"column":0},"end":{"line":17,"column":24}}},"fnMap":{"0":{"name":"(anonymous_1)","decl":{"start":{"line":13,"column":36},"end":{"line":13,"column":39}},"loc":{"start":{"line":13,"column":42},"end":{"line":15,"column":2}}},"1":{"name":"App","decl":{"start":{"line":17,"column":24},"end":{"line":17,"column":27}},"loc":{"start":{"line":17,"column":27},"end":{"line":34,"column":1}}}},"branchMap":{},"s":{"0":0,"1":0,"2":0,"3":0,"4":0,"5":0,"6":0},"f":{"0":0,"1":0},"b":{}}
,"/Users/diego.cifuentes/Documents/points-challenge/app/utils.ts": {"path":"/Users/diego.cifuentes/Documents/points-challenge/app/utils.ts","statementMap":{"0":{"start":{"line":7,"column":2},"end":{"line":11,"column":null}},"1":{"start":{"line":8,"column":4},"end":{"line":10,"column":34}},"2":{"start":{"line":10,"column":18},"end":{"line":10,"column":31}},"3":{"start":{"line":13,"column":2},"end":{"line":15,"column":23}},"4":{"start":{"line":15,"column":15},"end":{"line":15,"column":21}},"5":{"start":{"line":3,"column":0},"end":{"line":3,"column":16}},"6":{"start":{"line":19,"column":2},"end":{"line":21,"column":4}},"7":{"start":{"line":18,"column":0},"end":{"line":18,"column":16}},"8":{"start":{"line":25,"column":2},"end":{"line":28,"column":4}},"9":{"start":{"line":24,"column":0},"end":{"line":24,"column":16}},"10":{"start":{"line":32,"column":23},"end":{"line":32,"column":30}},"11":{"start":{"line":33,"column":25},"end":{"line":33,"column":64}},"12":{"start":{"line":35,"column":2},"end":{"line":35,"column":53}},"13":{"start":{"line":31,"column":0},"end":{"line":31,"column":16}}},"fnMap":{"0":{"name":"newArrayOfLength","decl":{"start":{"line":3,"column":16},"end":{"line":3,"column":32}},"loc":{"start":{"line":5,"column":11},"end":{"line":16,"column":1}}},"1":{"name":"(anonymous_1)","decl":{"start":{"line":10,"column":11},"end":{"line":10,"column":14}},"loc":{"start":{"line":10,"column":18},"end":{"line":10,"column":31}}},"2":{"name":"(anonymous_2)","decl":{"start":{"line":15,"column":9},"end":{"line":15,"column":12}},"loc":{"start":{"line":15,"column":15},"end":{"line":15,"column":21}}},"3":{"name":"numberToCurrency","decl":{"start":{"line":18,"column":16},"end":{"line":18,"column":32}},"loc":{"start":{"line":18,"column":61},"end":{"line":22,"column":1}}},"4":{"name":"numberToPercentage","decl":{"start":{"line":24,"column":16},"end":{"line":24,"column":34}},"loc":{"start":{"line":24,"column":63},"end":{"line":29,"column":1}}},"5":{"name":"bracketToString","decl":{"start":{"line":31,"column":16},"end":{"line":31,"column":31}},"loc":{"start":{"line":31,"column":51},"end":{"line":36,"column":1}}}},"branchMap":{"0":{"loc":{"start":{"line":7,"column":2},"end":{"line":11,"column":null}},"type":"if","locations":[{"start":{"line":7,"column":2},"end":{"line":11,"column":null}}]},"1":{"loc":{"start":{"line":18,"column":49},"end":{"line":18,"column":61}},"type":"default-arg","locations":[{"start":{"line":18,"column":60},"end":{"line":18,"column":61}}]},"2":{"loc":{"start":{"line":24,"column":51},"end":{"line":24,"column":63}},"type":"default-arg","locations":[{"start":{"line":24,"column":62},"end":{"line":24,"column":63}}]},"3":{"loc":{"start":{"line":33,"column":25},"end":{"line":33,"column":64}},"type":"cond-expr","locations":[{"start":{"line":33,"column":31},"end":{"line":33,"column":58}},{"start":{"line":33,"column":61},"end":{"line":33,"column":64}}]}},"s":{"0":3,"1":3,"2":15,"3":0,"4":0,"5":2,"6":15,"7":2,"8":1,"9":2,"10":5,"11":5,"12":5,"13":2},"f":{"0":3,"1":15,"2":0,"3":15,"4":1,"5":5},"b":{"0":[3],"1":[15],"2":[1],"3":[4,1]}}
,"/Users/diego.cifuentes/Documents/points-challenge/app/api/TaxApi.ts": {"path":"/Users/diego.cifuentes/Documents/points-challenge/app/api/TaxApi.ts","statementMap":{"0":{"start":{"line":2,"column":0},"end":{"line":2,"column":27}},"1":{"start":{"line":4,"column":0},"end":{"line":4,"column":53}},"2":{"start":{"line":7,"column":21},"end":{"line":7,"column":45}},"3":{"start":{"line":10,"column":4},"end":{"line":28,"column":null}},"4":{"start":{"line":11,"column":6},"end":{"line":15,"column":null}},"5":{"start":{"line":12,"column":8},"end":{"line":14,"column":10}},"6":{"start":{"line":17,"column":21},"end":{"line":18,"column":null}},"7":{"start":{"line":22,"column":6},"end":{"line":22,"column":56}},"8":{"start":{"line":24,"column":6},"end":{"line":24,"column":38}},"9":{"start":{"line":26,"column":6},"end":{"line":26,"column":75}},"10":{"start":{"line":27,"column":6},"end":{"line":27,"column":54}},"11":{"start":{"line":6,"column":0},"end":{"line":6,"column":13}},"12":{"start":{"line":32,"column":17},"end":{"line":32,"column":32}},"13":{"start":{"line":34,"column":0},"end":{"line":34,"column":24}}},"fnMap":{"0":{"name":"(anonymous_1)","decl":{"start":{"line":7,"column":2},"end":{"line":7,"column":21}},"loc":{"start":{"line":7,"column":45},"end":{"line":7,"column":49}}},"1":{"name":"(anonymous_2)","decl":{"start":{"line":9,"column":2},"end":{"line":9,"column":7}},"loc":{"start":{"line":9,"column":38},"end":{"line":29,"column":3}}}},"branchMap":{"0":{"loc":{"start":{"line":11,"column":6},"end":{"line":15,"column":null}},"type":"if","locations":[{"start":{"line":11,"column":6},"end":{"line":15,"column":null}}]}},"s":{"0":1,"1":1,"2":2,"3":2,"4":2,"5":1,"6":1,"7":1,"8":1,"9":1,"10":1,"11":1,"12":1,"13":1},"f":{"0":2,"1":2},"b":{"0":[1]}}
,"/Users/diego.cifuentes/Documents/points-challenge/app/api/config.ts": {"path":"/Users/diego.cifuentes/Documents/points-challenge/app/api/config.ts","statementMap":{"0":{"start":{"line":1,"column":0},"end":{"line":1,"column":26}},"1":{"start":{"line":3,"column":25},"end":{"line":3,"column":53}},"2":{"start":{"line":5,"column":12},"end":{"line":8,"column":2}},"3":{"start":{"line":10,"column":0},"end":{"line":10,"column":19}}},"fnMap":{},"branchMap":{},"s":{"0":1,"1":1,"2":1,"3":1},"f":{},"b":{}}
,"/Users/diego.cifuentes/Documents/points-challenge/app/components/ErrorMessage.tsx": {"path":"/Users/diego.cifuentes/Documents/points-challenge/app/components/ErrorMessage.tsx","statementMap":{"0":{"start":{"line":6,"column":28},"end":{"line":12,"column":1}},"1":{"start":{"line":7,"column":2},"end":{"line":11,"column":4}},"2":{"start":{"line":6,"column":13},"end":{"line":6,"column":28}}},"fnMap":{"0":{"name":"(anonymous_0)","decl":{"start":{"line":6,"column":28},"end":{"line":6,"column":29}},"loc":{"start":{"line":6,"column":58},"end":{"line":12,"column":1}}}},"branchMap":{},"s":{"0":3,"1":2,"2":3},"f":{"0":2},"b":{}}
,"/Users/diego.cifuentes/Documents/points-challenge/app/components/FormInput.tsx": {"path":"/Users/diego.cifuentes/Documents/points-challenge/app/components/FormInput.tsx","statementMap":{"0":{"start":{"line":1,"column":0},"end":{"line":1,"column":48}},"1":{"start":{"line":2,"column":0},"end":{"line":2,"column":46}},"2":{"start":{"line":11,"column":25},"end":{"line":40,"column":1}},"3":{"start":{"line":17,"column":35},"end":{"line":17,"column":49}},"4":{"start":{"line":19,"column":2},"end":{"line":39,"column":4}},"5":{"start":{"line":11,"column":13},"end":{"line":11,"column":25}}},"fnMap":{"0":{"name":"(anonymous_0)","decl":{"start":{"line":11,"column":25},"end":{"line":11,"column":26}},"loc":{"start":{"line":16,"column":12},"end":{"line":40,"column":1}}}},"branchMap":{"0":{"loc":{"start":{"line":14,"column":2},"end":{"line":14,"column":22}},"type":"default-arg","locations":[{"start":{"line":14,"column":16},"end":{"line":14,"column":22}}]},"1":{"loc":{"start":{"line":15,"column":2},"end":{"line":15,"column":18}},"type":"default-arg","locations":[{"start":{"line":15,"column":13},"end":{"line":15,"column":18}}]},"2":{"loc":{"start":{"line":37,"column":7},"end":{"line":37,"column":71}},"type":"binary-expr","locations":[{"start":{"line":37,"column":7},"end":{"line":37,"column":12}},{"start":{"line":37,"column":16},"end":{"line":37,"column":71}}]}},"s":{"0":1,"1":1,"2":1,"3":2,"4":2,"5":1},"f":{"0":2},"b":{"0":[2],"1":[2],"2":[2,1]}}
,"/Users/diego.cifuentes/Documents/points-challenge/app/components/FormInputCurrency.tsx": {"path":"/Users/diego.cifuentes/Documents/points-challenge/app/components/FormInputCurrency.tsx","statementMap":{"0":{"start":{"line":1,"column":0},"end":{"line":1,"column":48}},"1":{"start":{"line":2,"column":0},"end":{"line":2,"column":46}},"2":{"start":{"line":14,"column":33},"end":{"line":50,"column":1}},"3":{"start":{"line":21,"column":35},"end":{"line":21,"column":49}},"4":{"start":{"line":23,"column":2},"end":{"line":49,"column":4}},"5":{"start":{"line":14,"column":13},"end":{"line":14,"column":33}}},"fnMap":{"0":{"name":"(anonymous_0)","decl":{"start":{"line":14,"column":33},"end":{"line":14,"column":34}},"loc":{"start":{"line":20,"column":12},"end":{"line":50,"column":1}}}},"branchMap":{"0":{"loc":{"start":{"line":17,"column":2},"end":{"line":17,"column":22}},"type":"default-arg","locations":[{"start":{"line":17,"column":16},"end":{"line":17,"column":22}}]},"1":{"loc":{"start":{"line":18,"column":2},"end":{"line":18,"column":18}},"type":"default-arg","locations":[{"start":{"line":18,"column":13},"end":{"line":18,"column":18}}]},"2":{"loc":{"start":{"line":19,"column":2},"end":{"line":19,"column":18}},"type":"default-arg","locations":[{"start":{"line":19,"column":13},"end":{"line":19,"column":18}}]},"3":{"loc":{"start":{"line":47,"column":7},"end":{"line":47,"column":71}},"type":"binary-expr","locations":[{"start":{"line":47,"column":7},"end":{"line":47,"column":12}},{"start":{"line":47,"column":16},"end":{"line":47,"column":71}}]}},"s":{"0":1,"1":1,"2":1,"3":1,"4":1,"5":1},"f":{"0":1},"b":{"0":[1],"1":[0],"2":[1],"3":[1,0]}}
,"/Users/diego.cifuentes/Documents/points-challenge/app/components/TaxInformation.tsx": {"path":"/Users/diego.cifuentes/Documents/points-challenge/app/components/TaxInformation.tsx","statementMap":{"0":{"start":{"line":2,"column":0},"end":{"line":2,"column":null}},"1":{"start":{"line":7,"column":0},"end":{"line":7,"column":36}},"2":{"start":{"line":14,"column":20},"end":{"line":28,"column":1}},"3":{"start":{"line":15,"column":2},"end":{"line":27,"column":4}},"4":{"start":{"line":36,"column":21},"end":{"line":66,"column":1}},"5":{"start":{"line":41,"column":2},"end":{"line":65,"column":4}},"6":{"start":{"line":73,"column":47},"end":{"line":140,"column":1}},"7":{"start":{"line":77,"column":2},"end":{"line":81,"column":null}},"8":{"start":{"line":79,"column":4},"end":{"line":79,"column":67}},"9":{"start":{"line":80,"column":4},"end":{"line":80,"column":16}},"10":{"start":{"line":83,"column":46},"end":{"line":83,"column":50}},"11":{"start":{"line":85,"column":25},"end":{"line":85,"column":48}},"12":{"start":{"line":86,"column":33},"end":{"line":86,"column":66}},"13":{"start":{"line":88,"column":2},"end":{"line":139,"column":4}},"14":{"start":{"line":122,"column":45},"end":{"line":122,"column":77}},"15":{"start":{"line":123,"column":41},"end":{"line":123,"column":76}},"16":{"start":{"line":124,"column":20},"end":{"line":130,"column":22}},"17":{"start":{"line":73,"column":13},"end":{"line":73,"column":47}}},"fnMap":{"0":{"name":"(anonymous_1)","decl":{"start":{"line":14,"column":20},"end":{"line":14,"column":21}},"loc":{"start":{"line":14,"column":59},"end":{"line":28,"column":1}}},"1":{"name":"(anonymous_2)","decl":{"start":{"line":36,"column":21},"end":{"line":36,"column":22}},"loc":{"start":{"line":40,"column":24},"end":{"line":66,"column":1}}},"2":{"name":"(anonymous_3)","decl":{"start":{"line":73,"column":47},"end":{"line":73,"column":48}},"loc":{"start":{"line":76,"column":5},"end":{"line":140,"column":1}}},"3":{"name":"(anonymous_4)","decl":{"start":{"line":121,"column":33},"end":{"line":121,"column":34}},"loc":{"start":{"line":121,"column":45},"end":{"line":131,"column":19}}}},"branchMap":{"0":{"loc":{"start":{"line":39,"column":2},"end":{"line":39,"column":18}},"type":"default-arg","locations":[{"start":{"line":39,"column":13},"end":{"line":39,"column":18}}]},"1":{"loc":{"start":{"line":44,"column":12},"end":{"line":44,"column":42}},"type":"cond-expr","locations":[{"start":{"line":44,"column":23},"end":{"line":44,"column":34}},{"start":{"line":44,"column":37},"end":{"line":44,"column":42}}]},"2":{"loc":{"start":{"line":74,"column":2},"end":{"line":74,"column":36}},"type":"default-arg","locations":[{"start":{"line":74,"column":10},"end":{"line":74,"column":36}}]},"3":{"loc":{"start":{"line":77,"column":2},"end":{"line":81,"column":null}},"type":"if","locations":[{"start":{"line":77,"column":2},"end":{"line":81,"column":null}}]}},"s":{"0":1,"1":1,"2":1,"3":2,"4":1,"5":6,"6":1,"7":1,"8":0,"9":0,"10":1,"11":1,"12":1,"13":1,"14":5,"15":5,"16":5,"17":1},"f":{"0":2,"1":6,"2":1,"3":5},"b":{"0":[5],"1":[1,5],"2":[0],"3":[0]}}
,"/Users/diego.cifuentes/Documents/points-challenge/app/errors/TaxApiError.ts": {"path":"/Users/diego.cifuentes/Documents/points-challenge/app/errors/TaxApiError.ts","statementMap":{"0":{"start":{"line":3,"column":4},"end":{"line":3,"column":19}},"1":{"start":{"line":2,"column":21},"end":{"line":2,"column":36}},"2":{"start":{"line":1,"column":0},"end":{"line":1,"column":13}}},"fnMap":{"0":{"name":"(anonymous_0)","decl":{"start":{"line":2,"column":2},"end":{"line":2,"column":21}},"loc":{"start":{"line":2,"column":36},"end":{"line":4,"column":3}}}},"branchMap":{},"s":{"0":1,"1":1,"2":1},"f":{"0":1},"b":{}}
,"/Users/diego.cifuentes/Documents/points-challenge/app/routes/_index.tsx": {"path":"/Users/diego.cifuentes/Documents/points-challenge/app/routes/_index.tsx","statementMap":{"0":{"start":{"line":2,"column":0},"end":{"line":2,"column":39}},"1":{"start":{"line":3,"column":0},"end":{"line":3,"column":64}},"2":{"start":{"line":4,"column":0},"end":{"line":4,"column":57}},"3":{"start":{"line":5,"column":0},"end":{"line":5,"column":70}},"4":{"start":{"line":6,"column":0},"end":{"line":6,"column":24}},"5":{"start":{"line":8,"column":0},"end":{"line":8,"column":42}},"6":{"start":{"line":9,"column":0},"end":{"line":9,"column":57}},"7":{"start":{"line":10,"column":0},"end":{"line":10,"column":51}},"8":{"start":{"line":11,"column":0},"end":{"line":11,"column":67}},"9":{"start":{"line":12,"column":0},"end":{"line":12,"column":61}},"10":{"start":{"line":13,"column":0},"end":{"line":13,"column":61}},"11":{"start":{"line":15,"column":13},"end":{"line":36,"column":2}},"12":{"start":{"line":18,"column":16},"end":{"line":18,"column":47}},"13":{"start":{"line":27,"column":16},"end":{"line":27,"column":47}},"14":{"start":{"line":38,"column":37},"end":{"line":40,"column":1}},"15":{"start":{"line":39,"column":2},"end":{"line":39,"column":46}},"16":{"start":{"line":38,"column":13},"end":{"line":38,"column":37}},"17":{"start":{"line":42,"column":38},"end":{"line":70,"column":1}},"18":{"start":{"line":44,"column":25},"end":{"line":44,"column":79}},"19":{"start":{"line":47,"column":2},"end":{"line":49,"column":null}},"20":{"start":{"line":48,"column":4},"end":{"line":48,"column":49}},"21":{"start":{"line":52,"column":36},"end":{"line":52,"column":55}},"22":{"start":{"line":54,"column":2},"end":{"line":69,"column":null}},"23":{"start":{"line":56,"column":19},"end":{"line":56,"column":66}},"24":{"start":{"line":57,"column":26},"end":{"line":59,"column":null}},"25":{"start":{"line":62,"column":4},"end":{"line":62,"column":35}},"26":{"start":{"line":65,"column":4},"end":{"line":65,"column":54}},"27":{"start":{"line":68,"column":4},"end":{"line":68,"column":56}},"28":{"start":{"line":42,"column":13},"end":{"line":42,"column":38}},"29":{"start":{"line":73,"column":21},"end":{"line":73,"column":51}},"30":{"start":{"line":74,"column":21},"end":{"line":74,"column":36}},"31":{"start":{"line":76,"column":19},"end":{"line":76,"column":38}},"32":{"start":{"line":77,"column":21},"end":{"line":77,"column":48}},"33":{"start":{"line":78,"column":23},"end":{"line":78,"column":56}},"34":{"start":{"line":79,"column":28},"end":{"line":81,"column":23}},"35":{"start":{"line":83,"column":2},"end":{"line":128,"column":4}},"36":{"start":{"line":72,"column":0},"end":{"line":72,"column":24}}},"fnMap":{"0":{"name":"(anonymous_1)","decl":{"start":{"line":18,"column":6},"end":{"line":18,"column":7}},"loc":{"start":{"line":18,"column":16},"end":{"line":18,"column":47}}},"1":{"name":"(anonymous_2)","decl":{"start":{"line":27,"column":6},"end":{"line":27,"column":7}},"loc":{"start":{"line":27,"column":16},"end":{"line":27,"column":47}}},"2":{"name":"(anonymous_3)","decl":{"start":{"line":38,"column":37},"end":{"line":38,"column":40}},"loc":{"start":{"line":38,"column":42},"end":{"line":40,"column":1}}},"3":{"name":"(anonymous_4)","decl":{"start":{"line":42,"column":38},"end":{"line":42,"column":43}},"loc":{"start":{"line":42,"column":60},"end":{"line":70,"column":1}}},"4":{"name":"Index","decl":{"start":{"line":72,"column":24},"end":{"line":72,"column":29}},"loc":{"start":{"line":72,"column":29},"end":{"line":129,"column":1}}}},"branchMap":{"0":{"loc":{"start":{"line":18,"column":16},"end":{"line":18,"column":47}},"type":"cond-expr","locations":[{"start":{"line":18,"column":29},"end":{"line":18,"column":33}},{"start":{"line":18,"column":36},"end":{"line":18,"column":47}}]},"1":{"loc":{"start":{"line":27,"column":16},"end":{"line":27,"column":47}},"type":"cond-expr","locations":[{"start":{"line":27,"column":29},"end":{"line":27,"column":33}},{"start":{"line":27,"column":36},"end":{"line":27,"column":47}}]},"2":{"loc":{"start":{"line":47,"column":2},"end":{"line":49,"column":null}},"type":"if","locations":[{"start":{"line":47,"column":2},"end":{"line":49,"column":null}}]},"3":{"loc":{"start":{"line":79,"column":28},"end":{"line":81,"column":23}},"type":"cond-expr","locations":[{"start":{"line":80,"column":6},"end":{"line":80,"column":23}},{"start":{"line":81,"column":6},"end":{"line":81,"column":23}}]},"4":{"loc":{"start":{"line":124,"column":9},"end":{"line":124,"column":63}},"type":"binary-expr","locations":[{"start":{"line":124,"column":9},"end":{"line":124,"column":17}},{"start":{"line":124,"column":21},"end":{"line":124,"column":63}}]},"5":{"loc":{"start":{"line":125,"column":9},"end":{"line":125,"column":74}},"type":"binary-expr","locations":[{"start":{"line":125,"column":9},"end":{"line":125,"column":19}},{"start":{"line":125,"column":23},"end":{"line":125,"column":74}}]}},"s":{"0":0,"1":0,"2":0,"3":0,"4":0,"5":0,"6":0,"7":0,"8":0,"9":0,"10":0,"11":0,"12":0,"13":0,"14":0,"15":0,"16":0,"17":0,"18":0,"19":0,"20":0,"21":0,"22":0,"23":0,"24":0,"25":0,"26":0,"27":0,"28":0,"29":0,"30":0,"31":0,"32":0,"33":0,"34":0,"35":0,"36":0},"f":{"0":0,"1":0,"2":0,"3":0,"4":0},"b":{"0":[0,0],"1":[0,0],"2":[0],"3":[0,0],"4":[0,0],"5":[0,0]}}
,"/Users/diego.cifuentes/Documents/points-challenge/app/services/TaxCalculator.ts": {"path":"/Users/diego.cifuentes/Documents/points-challenge/app/services/TaxCalculator.ts","statementMap":{"0":{"start":{"line":2,"column":0},"end":{"line":2,"column":45}},"1":{"start":{"line":6,"column":4},"end":{"line":6,"column":35}},"2":{"start":{"line":18,"column":4},"end":{"line":25,"column":null}},"3":{"start":{"line":22,"column":6},"end":{"line":22,"column":57}},"4":{"start":{"line":24,"column":6},"end":{"line":24,"column":56}},"5":{"start":{"line":32,"column":36},"end":{"line":35,"column":6}},"6":{"start":{"line":36,"column":27},"end":{"line":36,"column":31}},"7":{"start":{"line":38,"column":4},"end":{"line":52,"column":null}},"8":{"start":{"line":38,"column":17},"end":{"line":38,"column":18}},"9":{"start":{"line":39,"column":22},"end":{"line":39,"column":40}},"10":{"start":{"line":41,"column":6},"end":{"line":43,"column":12}},"11":{"start":{"line":44,"column":6},"end":{"line":44,"column":58}},"12":{"start":{"line":45,"column":6},"end":{"line":51,"column":null}},"13":{"start":{"line":50,"column":8},"end":{"line":50,"column":33}},"14":{"start":{"line":54,"column":4},"end":{"line":54,"column":35}},"15":{"start":{"line":58,"column":4},"end":{"line":61,"column":6}},"16":{"start":{"line":59,"column":29},"end":{"line":59,"column":57}},"17":{"start":{"line":69,"column":4},"end":{"line":75,"column":null}},"18":{"start":{"line":70,"column":6},"end":{"line":74,"column":8}},"19":{"start":{"line":72,"column":46},"end":{"line":72,"column":71}},"20":{"start":{"line":77,"column":22},"end":{"line":77,"column":73}},"21":{"start":{"line":78,"column":18},"end":{"line":78,"column":51}},"22":{"start":{"line":79,"column":26},"end":{"line":79,"column":77}},"23":{"start":{"line":81,"column":4},"end":{"line":85,"column":6}},"24":{"start":{"line":4,"column":0},"end":{"line":4,"column":13}},"25":{"start":{"line":89,"column":17},"end":{"line":89,"column":43}},"26":{"start":{"line":91,"column":0},"end":{"line":91,"column":24}}},"fnMap":{"0":{"name":"(anonymous_0)","decl":{"start":{"line":5,"column":2},"end":{"line":5,"column":27}},"loc":{"start":{"line":5,"column":66},"end":{"line":7,"column":3}}},"1":{"name":"(anonymous_1)","decl":{"start":{"line":17,"column":2},"end":{"line":17,"column":23}},"loc":{"start":{"line":17,"column":65},"end":{"line":26,"column":3}}},"2":{"name":"(anonymous_2)","decl":{"start":{"line":28,"column":2},"end":{"line":28,"column":24}},"loc":{"start":{"line":30,"column":31},"end":{"line":55,"column":3}}},"3":{"name":"(anonymous_3)","decl":{"start":{"line":57,"column":2},"end":{"line":57,"column":19}},"loc":{"start":{"line":57,"column":53},"end":{"line":62,"column":3}}},"4":{"name":"(anonymous_4)","decl":{"start":{"line":59,"column":6},"end":{"line":59,"column":7}},"loc":{"start":{"line":59,"column":29},"end":{"line":59,"column":57}}},"5":{"name":"(anonymous_5)","decl":{"start":{"line":64,"column":2},"end":{"line":64,"column":18}},"loc":{"start":{"line":66,"column":31},"end":{"line":86,"column":3}}},"6":{"name":"(anonymous_6)","decl":{"start":{"line":72,"column":32},"end":{"line":72,"column":33}},"loc":{"start":{"line":72,"column":46},"end":{"line":72,"column":71}}}},"branchMap":{"0":{"loc":{"start":{"line":18,"column":4},"end":{"line":25,"column":null}},"type":"if","locations":[{"start":{"line":18,"column":4},"end":{"line":25,"column":null}},{"start":{"line":23,"column":11},"end":{"line":25,"column":null}}]},"1":{"loc":{"start":{"line":19,"column":6},"end":{"line":20,"column":80}},"type":"binary-expr","locations":[{"start":{"line":19,"column":6},"end":{"line":19,"column":18}},{"start":{"line":20,"column":7},"end":{"line":20,"column":18}},{"start":{"line":20,"column":22},"end":{"line":20,"column":48}},{"start":{"line":20,"column":52},"end":{"line":20,"column":79}}]},"2":{"loc":{"start":{"line":41,"column":45},"end":{"line":43,"column":11}},"type":"cond-expr","locations":[{"start":{"line":42,"column":10},"end":{"line":42,"column":59}},{"start":{"line":43,"column":10},"end":{"line":43,"column":11}}]},"3":{"loc":{"start":{"line":45,"column":6},"end":{"line":51,"column":null}},"type":"if","locations":[{"start":{"line":45,"column":6},"end":{"line":51,"column":null}}]},"4":{"loc":{"start":{"line":46,"column":8},"end":{"line":48,"column":35}},"type":"binary-expr","locations":[{"start":{"line":46,"column":8},"end":{"line":46,"column":19}},{"start":{"line":47,"column":8},"end":{"line":47,"column":34}},{"start":{"line":48,"column":8},"end":{"line":48,"column":35}}]},"5":{"loc":{"start":{"line":69,"column":4},"end":{"line":75,"column":null}},"type":"if","locations":[{"start":{"line":69,"column":4},"end":{"line":75,"column":null}}]}},"s":{"0":1,"1":3,"2":8,"3":3,"4":5,"5":3,"6":3,"7":3,"8":3,"9":15,"10":15,"11":15,"12":15,"13":2,"14":3,"15":3,"16":15,"17":4,"18":1,"19":5,"20":3,"21":3,"22":3,"23":3,"24":1,"25":1,"26":1},"f":{"0":3,"1":8,"2":3,"3":3,"4":15,"5":4,"6":5},"b":{"0":[3,5],"1":[8,7,7,7],"2":[8,7],"3":[2],"4":[15,12,7],"5":[1]}}
}
