TN:
SF:app/root.tsx
FN:13,(anonymous_1)
FN:17,App
FNF:2
FNH:0
FNDA:0,(anonymous_1)
FNDA:0,App
DA:2,0
DA:11,0
DA:13,0
DA:17,0
DA:18,0
LF:5
LH:0
BRF:0
BRH:0
end_of_record
TN:
SF:app/utils.ts
FN:3,newArrayOfLength
FN:10,(anonymous_1)
FN:15,(anonymous_2)
FN:18,numberToCurrency
FN:24,numberToPercentage
FN:31,bracketToString
FNF:6
FNH:5
FNDA:3,newArrayOfLength
FNDA:15,(anonymous_1)
FNDA:0,(anonymous_2)
FNDA:15,numberToCurrency
FNDA:1,numberToPercentage
FNDA:5,bracketToString
DA:3,2
DA:7,3
DA:8,3
DA:10,15
DA:13,0
DA:15,0
DA:18,2
DA:19,15
DA:24,2
DA:25,1
DA:31,2
DA:32,5
DA:33,5
DA:35,5
LF:14
LH:12
BRDA:7,0,0,3
BRDA:18,1,0,15
BRDA:24,2,0,1
BRDA:33,3,0,4
BRDA:33,3,1,1
BRF:5
BRH:5
end_of_record
TN:
SF:app/api/TaxApi.ts
FN:7,(anonymous_1)
FN:9,(anonymous_2)
FNF:2
FNH:2
FNDA:2,(anonymous_1)
FNDA:2,(anonymous_2)
DA:2,1
DA:4,1
DA:6,1
DA:7,2
DA:10,2
DA:11,2
DA:12,1
DA:17,1
DA:22,1
DA:24,1
DA:26,1
DA:27,1
DA:32,1
DA:34,1
LF:14
LH:14
BRDA:11,0,0,1
BRF:1
BRH:1
end_of_record
TN:
SF:app/api/config.ts
FNF:0
FNH:0
DA:1,1
DA:3,1
DA:5,1
DA:10,1
LF:4
LH:4
BRF:0
BRH:0
end_of_record
TN:
SF:app/components/ErrorMessage.tsx
FN:6,(anonymous_0)
FNF:1
FNH:1
FNDA:2,(anonymous_0)
DA:6,3
DA:7,2
LF:2
LH:2
BRF:0
BRH:0
end_of_record
TN:
SF:app/components/FormInput.tsx
FN:11,(anonymous_0)
FNF:1
FNH:1
FNDA:2,(anonymous_0)
DA:1,1
DA:2,1
DA:11,1
DA:17,2
DA:19,2
LF:5
LH:5
BRDA:14,0,0,2
BRDA:15,1,0,2
BRDA:37,2,0,2
BRDA:37,2,1,1
BRF:4
BRH:4
end_of_record
TN:
SF:app/components/FormInputCurrency.tsx
FN:14,(anonymous_0)
FNF:1
FNH:1
FNDA:1,(anonymous_0)
DA:1,1
DA:2,1
DA:14,1
DA:21,1
DA:23,1
LF:5
LH:5
BRDA:17,0,0,1
BRDA:18,1,0,0
BRDA:19,2,0,1
BRDA:47,3,0,1
BRDA:47,3,1,0
BRF:5
BRH:3
end_of_record
TN:
SF:app/components/TaxInformation.tsx
FN:14,(anonymous_1)
FN:36,(anonymous_2)
FN:73,(anonymous_3)
FN:121,(anonymous_4)
FNF:4
FNH:4
FNDA:2,(anonymous_1)
FNDA:6,(anonymous_2)
FNDA:1,(anonymous_3)
FNDA:5,(anonymous_4)
DA:2,1
DA:7,1
DA:14,1
DA:15,2
DA:36,1
DA:41,6
DA:73,1
DA:77,1
DA:79,0
DA:80,0
DA:83,1
DA:85,1
DA:86,1
DA:88,1
DA:122,5
DA:123,5
DA:124,5
LF:17
LH:15
BRDA:39,0,0,5
BRDA:44,1,0,1
BRDA:44,1,1,5
BRDA:74,2,0,0
BRDA:77,3,0,0
BRF:5
BRH:3
end_of_record
TN:
SF:app/errors/TaxApiError.ts
FN:2,(anonymous_0)
FNF:1
FNH:1
FNDA:1,(anonymous_0)
DA:1,1
DA:2,1
DA:3,1
LF:3
LH:3
BRF:0
BRH:0
end_of_record
TN:
SF:app/routes/_index.tsx
FN:18,(anonymous_1)
FN:27,(anonymous_2)
FN:38,(anonymous_3)
FN:42,(anonymous_4)
FN:72,Index
FNF:5
FNH:0
FNDA:0,(anonymous_1)
FNDA:0,(anonymous_2)
FNDA:0,(anonymous_3)
FNDA:0,(anonymous_4)
FNDA:0,Index
DA:2,0
DA:3,0
DA:4,0
DA:5,0
DA:6,0
DA:8,0
DA:9,0
DA:10,0
DA:11,0
DA:12,0
DA:13,0
DA:15,0
DA:18,0
DA:27,0
DA:38,0
DA:39,0
DA:42,0
DA:44,0
DA:47,0
DA:48,0
DA:52,0
DA:54,0
DA:56,0
DA:57,0
DA:62,0
DA:65,0
DA:68,0
DA:72,0
DA:73,0
DA:74,0
DA:76,0
DA:77,0
DA:78,0
DA:79,0
DA:83,0
LF:35
LH:0
BRDA:18,0,0,0
BRDA:18,0,1,0
BRDA:27,1,0,0
BRDA:27,1,1,0
BRDA:47,2,0,0
BRDA:79,3,0,0
BRDA:79,3,1,0
BRDA:124,4,0,0
BRDA:124,4,1,0
BRDA:125,5,0,0
BRDA:125,5,1,0
BRF:11
BRH:0
end_of_record
TN:
SF:app/services/TaxCalculator.ts
FN:5,(anonymous_0)
FN:17,(anonymous_1)
FN:28,(anonymous_2)
FN:57,(anonymous_3)
FN:59,(anonymous_4)
FN:64,(anonymous_5)
FN:72,(anonymous_6)
FNF:7
FNH:7
FNDA:3,(anonymous_0)
FNDA:8,(anonymous_1)
FNDA:3,(anonymous_2)
FNDA:3,(anonymous_3)
FNDA:15,(anonymous_4)
FNDA:4,(anonymous_5)
FNDA:5,(anonymous_6)
DA:2,1
DA:4,1
DA:6,3
DA:18,8
DA:22,3
DA:24,5
DA:32,3
DA:36,3
DA:38,3
DA:39,15
DA:41,15
DA:44,15
DA:45,15
DA:50,2
DA:54,3
DA:58,3
DA:59,15
DA:69,4
DA:70,1
DA:72,5
DA:77,3
DA:78,3
DA:79,3
DA:81,3
DA:89,1
DA:91,1
LF:26
LH:26
BRDA:18,0,0,3
BRDA:18,0,1,5
BRDA:19,1,0,8
BRDA:19,1,1,7
BRDA:19,1,2,7
BRDA:19,1,3,7
BRDA:41,2,0,8
BRDA:41,2,1,7
BRDA:45,3,0,2
BRDA:46,4,0,15
BRDA:46,4,1,12
BRDA:46,4,2,7
BRDA:69,5,0,1
BRF:13
BRH:13
end_of_record
